<?xml version="1.0" encoding="UTF-8"?>
<testsuite xmlns:xsi="http://www.w3.org/2001/XMLSchema-instance" xsi:schemaLocation="https://maven.apache.org/surefire/maven-surefire-plugin/xsd/surefire-test-report.xsd" name="de.fraunhofer.iem.secucheck.analysis.tests.AnalysisIntegrationTest" time="10.342" tests="1" errors="0" skipped="0" failures="0">
  <properties>
[...]
</properties>
  <testcase name="blackboxTest" classname="de.fraunhofer.iem.secucheck.analysis.tests.AnalysisIntegrationTest" time="10.272"/>
</testsuite>